[19:13:42.304] === setPlaylist called ===
[19:13:42.305] items.size=1, startIndex=0
[19:13:42.307]   playlist[0]: id=ba8cf3a2-70c7-4567-9d9f-e6d028aecb2a, title=两广之声音乐台, uri=https://lhttp.qtfm.cn/live/20500149/64k.mp3
[19:13:42.307] currentPlaylist.size=1, currentIndex=0
[19:13:42.307] startIndex in range, calling loadAndPlay
[19:13:42.307] loadAndPlay: id=ba8cf3a2-70c7-4567-9d9f-e6d028aecb2a, title=两广之声音乐台
[19:13:42.308] Waiting for playback to be ready...
[19:13:42.308] Opening connection to: https://lhttp.qtfm.cn/live/20500149/64k.mp3
[19:13:42.940] Connected, content-type: audio/mpeg
[19:13:43.415] AudioSystem.getAudioInputStream failed: Stream of unsupported format
[19:13:43.415] ERROR: 不支持的音频格式: audio/mpeg
[19:13:43.415] Playback failed: 不支持的音频格式: audio/mpeg
[19:13:43.415] === setPlaylist end ===
[19:13:43.416] play() called
[19:13:44.502] === skipToPrevious called ===
[19:13:44.503] currentPlaylist.size=1, currentIndex=0
[19:13:44.503] Cannot skip previous: playlist empty=false, index at start=true
[19:13:44.503] === skipToPrevious end ===
[19:13:45.852] === skipToNext called ===
[19:13:45.853] currentPlaylist.size=1, currentIndex=0
[19:13:45.853] Cannot skip next: playlist empty=false, index at end=true
[19:13:45.853] === skipToNext end ===
[19:13:46.303] === skipToNext called ===
[19:13:46.303] currentPlaylist.size=1, currentIndex=0
[19:13:46.304] Cannot skip next: playlist empty=false, index at end=true
[19:13:46.304] === skipToNext end ===
[19:13:46.469] === skipToNext called ===
[19:13:46.469] currentPlaylist.size=1, currentIndex=0
[19:13:46.469] Cannot skip next: playlist empty=false, index at end=true
[19:13:46.470] === skipToNext end ===
[19:14:11.570] === skipToNext called ===
[19:14:11.571] currentPlaylist.size=1, currentIndex=0
[19:14:11.572] Cannot skip next: playlist empty=false, index at end=true
[19:14:11.572] === skipToNext end ===
[19:30:59.798] === setPlaylist called ===
[19:30:59.801] items.size=90, startIndex=24
[19:30:59.804]   playlist[0]: id=94de57d1-542a-46b8-8e18-d97517d93f99, title=清晨音乐台, uri=http://lhttp.qingting.fm/live/4915/64k.mp3
[19:30:59.805]   playlist[1]: id=e4599290-f353-478d-b920-7e057d049dd5, title=AsiaFM高清音乐台, uri=http://asiafm.hk:8000/asiahd
[19:30:59.805]   playlist[2]: id=72fa86ec-a990-43d6-98f8-ecc6236ea61e, title=雨声轻音乐, uri=https://stream.zeno.fm/689zc32y4x8uv
[19:30:59.805]   playlist[3]: id=ba8cf3a2-70c7-4567-9d9f-e6d028aecb2a, title=两广之声音乐台, uri=https://lhttp.qtfm.cn/live/20500149/64k.mp3
[19:30:59.805]   playlist[4]: id=7f0d6d5c-7707-4812-bbc1-a44eb9ccc74a, title=怀旧音乐广播, uri=https://live.ximalaya.com/radio-first-page-app/live/2629/64.m3u8
[19:30:59.805]   playlist[5]: id=9d277131-2267-46d4-ac53-eb46ed3d78e4, title=CCTV-15音乐伴音, uri=https://piccpndali.v.myalicdn.com/audio/cctv15_2.m3u8
[19:30:59.806]   playlist[6]: id=2a196f5e-1a14-4f97-b1e3-c4b67d092cfe, title=广东音乐之声, uri=https://lhttp.qtfm.cn/live/1260/64k.mp3
[19:30:59.806]   playlist[7]: id=9b6699c4-576a-4ad7-a666-324cdefec14b, title=Raggakings雷鬼音乐频道, uri=https://raggakings.radio:8443/stream.ogg
[19:30:59.806]   playlist[8]: id=3366bd2b-9e59-4bf0-ad99-96b5bfcd7111, title=广州金曲音乐广播, uri=http://lhttp.qingting.fm/live/20192/64k.mp3
[19:30:59.806]   playlist[9]: id=1328e18b-ab1a-4471-a7c4-99bf68d34dbc, title=AsiaFM亚洲音乐台(新), uri=https://live.xmcdn.com/live/764/64.m3u8
[19:30:59.806]   playlist[10]: id=9fed76be-4d4f-4956-a766-7eae9647f025, title=AsiaFM亚洲音乐台, uri=https://lhttp.qingting.fm/live/4581/64k.mp3
[19:30:59.806]   playlist[11]: id=3d4d7515-eed3-4f9b-a0cc-3a5e5b165b12, title=Cinemix电影音乐频道, uri=http://94.23.51.96:8001/
[19:30:59.806]   playlist[12]: id=6ee61dc9-f7ed-41a1-b483-b664c610c01c, title=江苏经典流行音乐广播, uri=http://lzlive.vojs.cn/2wtSfrS/92/live.m3u8?
[19:30:59.807]   playlist[13]: id=8d5e80ef-7689-4710-80bb-bb90f92628d7, title=Anison动漫音乐台, uri=http://pool.anison.fm:9000/AniSonFM(320)?
[19:30:59.807]   playlist[14]: id=9218e92d-2a7f-411c-87fd-e74cd52cc16d, title=格莱美音乐台, uri=http://play-radio-stream3.hndt.com/now/yorSd1X2/chunklist.m3u8
[19:30:59.807]   playlist[15]: id=1bc7f31f-da6b-424e-82a4-4d14c1d48699, title=CityFM城市音乐台, uri=https://lhttp.qtfm.cn/live/20500153/64k.mp3
[19:30:59.807]   playlist[16]: id=e5545833-d1f0-4030-bb16-8b5baaed4714, title=周杰伦音乐台, uri=https://stream.zeno.fm/zibntg5gtr7vv
[19:30:59.807]   playlist[17]: id=a09db942-832d-4932-8c05-494e17dc37e0, title=CNR-3 音乐之声, uri=https://ngcdn001.cnr.cn/live/yyzs/index.m3u8
[19:30:59.807]   playlist[18]: id=f61e44ed-ea5a-4f2a-878c-ce2f9495b2fe, title=顺德音乐之声, uri=https://lhttp.qtfm.cn/live/20500150/64k.mp3
[19:30:59.808]   playlist[19]: id=84907b87-750b-11e9-af37-52543be04c81, title=上海经典音乐广播, uri=http://lhttp.qingting.fm/live/267/64k.mp3
[19:30:59.808]   playlist[20]: id=01c9306d-750d-11e9-af37-52543be04c81, title=上海音乐广播, uri=http://lhttp.qingting.fm/live/273/64k.mp3
[19:30:59.808]   playlist[21]: id=6c5edef4-6a79-4ec7-84f7-b8430bcd0e4f, title=经典105·山东经典音乐广播, uri=http://audiolive302.iqilu.com/sdradioShenghuo/sdradio04/playlist.m3u8
[19:30:59.808]   playlist[22]: id=1b3f96d9-d1f8-11e9-a861-52543be04c81, title=MY FM全国音乐频道·广州, uri=http://lhttp.qingting.fm/live/20194/64k.mp3
[19:30:59.808]   playlist[23]: id=751de35b-f169-45fa-9fd5-ef4284fbe91e, title=Big B Radio亚洲音乐台, uri=https://antares.dribbcast.com/proxy/apop?mp=/s
[19:30:59.808]   playlist[24]: id=a9354e1c-92fc-4a7a-9650-fa2d5c208196, title=动听音乐台, uri=https://lhttp-hw.qtfm.cn/live/5022107/64k.mp3
[19:30:59.808]   playlist[25]: id=60517bd6-d291-11e9-a861-52543be04c81, title=河南星河音乐广播, uri=http://lhttp.qingting.fm/live/20210755/64k.mp3
[19:30:59.809]   playlist[26]: id=8cfcc64e-38ac-11ea-8dd7-52543be04c81, title=长沙BIG RADIO流行音乐广播, uri=http://lhttp.qingting.fm/live/20847/64k.mp3
[19:30:59.809]   playlist[27]: id=d3eda505-e9d9-4c43-bb42-dae83d9566f6, title=江苏经典流行音乐广播, uri=https://lhttp.qtfm.cn/live/4938/64k.mp3
[19:30:59.809]   playlist[28]: id=f82a41ce-251d-459a-bee9-4e2efd5c3982, title=北京音乐广播, uri=https://lhttp.qtfm.cn/live/332/64k.mp3
[19:30:59.809]   playlist[29]: id=04dde234-7c54-11ea-8a3b-52543be04c81, title=MY FM全国音乐频道——FM106.3  长春少儿与老年生活广播, uri=http://lhttp.qingting.fm/live/4984/64k.mp3
[19:30:59.809]   playlist[30]: id=a7fab695-c64c-4513-834e-546eea499283, title=北京古典音乐广播, uri=https://stream.zeno.fm/qa9punk6ynhvv
[19:30:59.809]   playlist[31]: id=fe79a11f-8f0e-4586-a90b-503a447d6e68, title=上海音乐广播, uri=http://lhttp.qingting.fm/live/273/64k.mp3
[19:30:59.809]   playlist[32]: id=63b86021-7d2a-42cd-aff8-96860a0bc8d5, title=云梦音乐台, uri=https://lhttp.qtfm.cn/live/20500187/64k.mp3
[19:30:59.809]   playlist[33]: id=a9922aba-8435-4ba3-a207-8704817f6dbc, title=深圳音乐广播, uri=https://lhttp.qtfm.cn/live/1271/64k.mp3
[19:30:59.810]   playlist[34]: id=ec033ee7-327e-4fb0-87a4-b07391ef4d36, title=河北音乐广播, uri=https://radio.pull.hebtv.com/live/hebyy.m3u8
[19:30:59.810]   playlist[35]: id=d3658fc1-9083-497c-acf0-669e43b8a9f0, title=重庆音乐广播, uri=http://ls.qingting.fm/live/647.m3u8
[19:30:59.810]   playlist[36]: id=2f380320-0fdf-4225-8498-810c65879867, title=江苏音乐广播, uri=http://lzlive.vojs.cn/jAmO6Ng/92/live.m3u8?
[19:30:59.810]   playlist[37]: id=d01fcb00-226d-44ef-8188-7663fccb1d00, title=105.1成都简单音乐广播, uri=https://stream.zeno.fm/7brqs9rsbc9uv
[19:30:59.810]   playlist[38]: id=b46eaebe-2919-11ea-aa0c-52543be04c81, title=武汉经典音乐广播·岁月悠长，听见好时光, uri=http://ls.qingting.fm/live/1297.m3u8
[19:30:59.810]   playlist[39]: id=1a80f163-086f-495e-8d1b-267fc4349cab, title=心灵音乐馆, uri=http://stream3.hndt.com/now/AFqvb0VX/playlist.m3u8
[19:30:59.810]   playlist[40]: id=0c2da55a-4ea0-45a6-b3a9-b8281dca1b2f, title=上海经典音乐广播 FM94.7, uri=https://lhttp-hw.qtfm.cn/live/267/64k.mp3
[19:30:59.811]   playlist[41]: id=af4a754c-f724-4ddc-9b52-fea78ae3c510, title=休息音乐🎶, uri=https://az1.mediacp.eu/listen/airport-lounge-radio/radio.mp3
[19:30:59.811]   playlist[42]: id=274fd83d-69ca-4826-bd2a-2f98d63470c5, title=CNR-4 经典音乐广播, uri=http://satellitepull.cnr.cn/live/wxdszs/playlist.m3u8?wsSession=d8a4b41c6557ba30
[19:30:59.811]   playlist[43]: id=714279f8-7e0e-4ebd-9152-215d3a6164f9, title=50首经典古典音乐, uri=https://lhttp-hw.qtfm.cn/live/5022308/64k.mp3
[19:30:59.811]   playlist[44]: id=eadabc82-ee72-405d-825c-f77c2e1bb70c, title=西安音乐广播, uri=http://stream3.xiancity.cn/4/sd/live.m3u8
[19:30:59.811]   playlist[45]: id=312a5df5-3e7d-4072-974d-fc2905ed0744, title=湖北楚天音乐广播, uri=https://lhttp.qtfm.cn/live/1289/64k.mp3
[19:30:59.811]   playlist[46]: id=2dd8574f-d5bf-4015-94a6-5ac32c61bff3, title=四川音乐广播, uri=https://lhttp.qtfm.cn/live/1110/64k.mp3
[19:30:59.811]   playlist[47]: id=3e52700f-c0ed-4c30-b53b-ae1912a2164b, title=苏州都市音乐广播, uri=http://lhttp.qingting.fm/live/2803/64k.mp3
[19:30:59.811]   playlist[48]: id=57b34085-ed43-45f9-883c-3c18554ddeef, title=浙江音乐调频, uri=http://ali-m-l.cztv.com/channels/lantian/fm968/128k.m3u8
[19:30:59.812]   playlist[49]: id=b9122011-21f1-4a11-937c-642dbab29635, title=山东音乐广播, uri=http://audiolive302.iqilu.com/sdradioYinyue/sdradio07/playlist.m3u8
[19:30:59.812]   playlist[50]: id=5b9133a9-2fc6-4b96-ab0f-a6338a7938ad, title=上海流行音乐广播 动感101 FM101.7, uri=https://lhttp-hw.qtfm.cn/live/274/64k.mp3
[19:30:59.812]   playlist[51]: id=1f5cd4f8-ae17-4fdd-9b7a-af5ddeea0517, title=古风现代音乐, uri=https://stream.zeno.fm/tpyqvdsyexhvv
[19:30:59.812]   playlist[52]: id=de5a20d9-1fad-478a-8016-7301cb0216fa, title=山东经典音乐广播, uri=http://audiolive302.iqilu.com/sdradioShenghuo/sdradio04/playlist.m3u8
[19:30:59.812]   playlist[53]: id=9bb3c006-3495-4f59-b3bd-eed3a549b1cf, title=哈尔滨古典音乐广播, uri=http://lhttp.qingting.fm/live/5022338/64k.mp3
[19:30:59.812]   playlist[54]: id=be0fc56b-aff0-4724-8b1f-32e6f7161444, title=Russian Chinese Music Radio 俄中音乐台, uri=https://stream.zeno.fm/txtltqtgns3vv
[19:30:59.812]   playlist[55]: id=ed7933a8-7e80-4e95-a0b8-401db45c4ff7, title=河南音乐广播, uri=https://stream.hndt.com/live/yinyue/playlist.m3u8
[19:30:59.812]   playlist[56]: id=091e3c58-122c-11e9-a80b-52543be04c81, title=辽宁经典流行音乐广播, uri=http://lhttp.qingting.fm/live/20021/64k.mp3
[19:30:59.813]   playlist[57]: id=ecbe92bf-a35b-439f-8bcf-55da0ece14ee, title=BRTV北京音乐广播, uri=https://brtv-radiolive.rbc.cn/alive/fm974.m3u8
[19:30:59.813]   playlist[58]: id=2fddd327-091f-451b-86b6-ad75a7544037, title=辽宁广播电视台音乐广播, uri=http://lhttp.qingting.fm/live/1101/64k.mp3
[19:30:59.813]   playlist[59]: id=b77045b4-f44d-4a49-aed7-3aeb0cc02cbc, title=湖北经典音乐广播, uri=https://lhttp.qtfm.cn/live/1296/64k.mp3
[19:30:59.813]   playlist[60]: id=607c81fe-1537-4afa-bd1c-24f801db8d4c, title=涿州综合广播年代音乐959, uri=https://lhttp.qtfm.cn/live/5021381/64k.mp3
[19:30:59.813]   playlist[61]: id=d8789b63-0f93-486a-8d4e-7d7e0a571099, title=哈尔滨古典音乐广播, uri=https://stream.hrbtv.net/gdpl/playlist.m3u8
[19:30:59.813]   playlist[62]: id=08fe49be-7512-11e9-af37-52543be04c81, title=沈阳经典音乐广播, uri=http://lhttp.qingting.fm/live/5022520/64k.mp3
[19:30:59.813]   playlist[63]: id=e9a41c0f-2be3-4c63-9ea6-327d782dddd3, title=杭州音乐时尚广播, uri=https://live.xmcdn.com/live/1845/64.m3u8
[19:30:59.813]   playlist[64]: id=e62533b7-b404-433e-a388-26c5fc519002, title=安徽音乐广播, uri=https://lhttp.qtfm.cn/live/1947/64k.mp3
[19:30:59.814]   playlist[65]: id=fbe87d69-468a-4927-b721-d56d4a3ce539, title=山西音乐广播, uri=http://radiolive.sxrtv.com/live/yinyue.m3u8
[19:30:59.814]   playlist[66]: id=dcb8a7da-dd8b-493b-a30a-b98278040570, title=河北汽车音乐台, uri=https://radio.pull.hebtv.com/live/hebqcyy.m3u8
[19:30:59.814]   playlist[67]: id=4260076d-e6d9-4e49-a3b2-d554f4cb0a7e, title=济南音乐广播, uri=https://lhttp.qtfm.cn/live/1671/64k.mp3
[19:30:59.814]   playlist[68]: id=764588ab-2f5b-4733-b32d-c16592010a43, title=CNR-3 音乐之声, uri=http://lx.sycdn.kuwo.cn/ea989c21a2f7078a16757fda0233bba1/696881c4/resource/n3/88
[19:30:59.814]   playlist[69]: id=1a178822-5085-41d2-a4f2-335df176a541, title=珠海活力915·音乐调频, uri=http://lhttp.qingting.fm/live/5021725/64k.mp3
[19:30:59.814]   playlist[70]: id=2f3329d7-f279-47e0-9508-3e9b6b82434e, title=河南网络广播·民谣音乐台, uri=http://lhttp.qingting.fm/live/20207763/64k.mp3
[19:30:59.815]   playlist[71]: id=598d4b07-238a-437a-9d4e-bb26215f4385, title=厦门音乐广播, uri=https://lhttp.qtfm.cn/live/1739/64k.mp3
[19:30:59.815]   playlist[72]: id=21bbd28e-1ee0-4cd0-b246-393e66e632b1, title=南京音乐广播, uri=http://live.xmcdn.com/live/71/64.m3u8
[19:30:59.815]   playlist[73]: id=ed2cc553-e526-4388-a113-d3b5d062e58f, title=长沙音乐广播, uri=https://lhttp.qtfm.cn/live/20847/64k.mp3
[19:30:59.815]   playlist[74]: id=df5fe256-5b8f-44fa-8094-3ce8c9bce076, title=湖南音乐之声, uri=http://a.live.hnradio.com/yypd/radio120k_yypd.m3u8?auth_key=1588751172-0-0-d97b8
[19:30:59.815]   playlist[75]: id=e3000cbd-7464-11e9-af37-52543be04c81, title=FM89.8烟台汽车音乐广播, uri=http://lhttp.qingting.fm/live/5022382/64k.mp3
[19:30:59.816]   playlist[76]: id=e0289f0b-333a-4289-b92d-8ab4c2bc8510, title=崇州年代音乐1022, uri=http://lhttp.qingting.fm/live/20500066/64k.mp3?
[19:30:59.816]   playlist[77]: id=8a3cafec-88d1-4990-932a-4b410b83dc1c, title=烟台经典音乐广播, uri=http://lhttp.qingting.fm/live/20500097/64k.mp3
[19:30:59.816]   playlist[78]: id=abed049c-9c63-4b11-bdf1-07495564f2a6, title=大连音乐广播, uri=http://lhttp.qingting.fm/live/1084/64k.mp3
[19:30:59.816]   playlist[79]: id=6c36b453-62af-4888-a512-b36c93e98e8f, title=中式婚礼后音乐, uri=https://stream.zeno.fm/pd3m209fnxhvv
[19:30:59.816]   playlist[80]: id=acbeaef9-17d7-498f-ace0-dfbb78caa430, title=CNR-3 音乐之声, uri=https://satellitepull.cnr.cn/live/wxyyzs/playlist.m3u8?wsSession=28e11e3debee464
[19:30:59.816]   playlist[81]: id=95ad11ab-923d-48ea-bc07-f26f15632d11, title=石家庄音乐广播, uri=http://lhttp.qingting.fm/live/1654/64k.mp3
[19:30:59.816]   playlist[82]: id=b09047c9-8d8c-4a68-aee0-c04aa22944c1, title=Fm891线上音乐台, uri=https://lhttp.qtfm.cn/live/20500215/64k.mp3
[19:30:59.816]   playlist[83]: id=ff4cde12-7513-11e9-af37-52543be04c81, title=无锡音乐广播, uri=http://lhttp.qingting.fm/live/2779/64k.mp3
[19:30:59.817]   playlist[84]: id=8ad93a05-a594-4a66-836b-c7644be3659f, title=宁波音乐广播, uri=http://ihzlh.linker.cc/ihzlh/zjnb_ts02_986.m3u8
[19:30:59.817]   playlist[85]: id=47881417-36f8-4fe0-ab6a-c6e5cf2d1a58, title=太原音乐广播, uri=https://lhttp.qingting.fm/live/1185/64k.mp3
[19:30:59.817]   playlist[86]: id=7151bcae-7867-4f18-a6f8-27e1410af843, title=福建音乐广播, uri=https://lhttp.qtfm.cn/live/4585/64k.mp3
[19:30:59.817]   playlist[87]: id=aeb1fa8e-14a5-11e9-a80b-52543be04c81, title=长沙品味音乐广播, uri=http://lhttp.qingting.fm/live/4930/64k.mp3
[19:30:59.817]   playlist[88]: id=f7fab6a3-9af0-4070-ab00-40049db517d7, title=韩国音乐台, uri=https://stream.zeno.fm/r0tbse9jnbptv
[19:30:59.817]   playlist[89]: id=99ace9a5-fb19-4f3d-99b6-0976d4a18bd9, title=清远交通音乐广播, uri=http://lhttp.qingting.fm/live/20500067/64k.mp3
[19:30:59.817] currentPlaylist.size=90, currentIndex=24
[19:30:59.818] startIndex in range, calling loadAndPlay
[19:30:59.818] loadAndPlay: id=a9354e1c-92fc-4a7a-9650-fa2d5c208196, title=动听音乐台
[19:30:59.819] Waiting for playback to be ready...
[19:30:59.819] Opening connection to: https://lhttp-hw.qtfm.cn/live/5022107/64k.mp3
[19:31:00.854] Connected, content-type: audio/mpeg
[19:31:01.131] AudioSystem.getAudioInputStream failed: Stream of unsupported format
[19:31:01.132] ERROR: 不支持的音频格式: audio/mpeg
[19:31:01.132] Playback failed: 不支持的音频格式: audio/mpeg
[19:31:01.132] === setPlaylist end ===
[19:31:01.132] play() called
[19:31:02.483] === skipToNext called ===
[19:31:02.483] currentPlaylist.size=90, currentIndex=24
[19:31:02.485] New index=25, loading: 河南星河音乐广播
[19:31:02.485] loadAndPlay: id=60517bd6-d291-11e9-a861-52543be04c81, title=河南星河音乐广播
[19:31:02.486] Waiting for playback to be ready...
[19:31:02.486] Opening connection to: http://lhttp.qingting.fm/live/20210755/64k.mp3
[19:31:03.189] Connected, content-type: audio/mpeg
[19:31:03.705] AudioSystem.getAudioInputStream failed: Stream of unsupported format
[19:31:03.705] ERROR: 不支持的音频格式: audio/mpeg
[19:31:03.706] Playback failed: 不支持的音频格式: audio/mpeg
[19:31:03.706] === skipToNext end ===
[19:31:06.052] === skipToNext called ===
[19:31:06.053] currentPlaylist.size=90, currentIndex=25
[19:31:06.053] New index=26, loading: 长沙BIG RADIO流行音乐广播
[19:31:06.053] loadAndPlay: id=8cfcc64e-38ac-11ea-8dd7-52543be04c81, title=长沙BIG RADIO流行音乐广播
[19:31:06.054] Waiting for playback to be ready...
[19:31:06.054] Opening connection to: http://lhttp.qingting.fm/live/20847/64k.mp3
[19:31:06.408] Connected, content-type: audio/mpeg
[19:31:06.556] AudioSystem.getAudioInputStream failed: Stream of unsupported format
[19:31:06.557] ERROR: 不支持的音频格式: audio/mpeg
[19:31:06.560] Playback failed: 不支持的音频格式: audio/mpeg
[19:31:06.560] === skipToNext end ===
[19:31:10.131] === skipToNext called ===
[19:31:10.132] currentPlaylist.size=90, currentIndex=26
[19:31:10.132] New index=27, loading: 江苏经典流行音乐广播
[19:31:10.133] loadAndPlay: id=d3eda505-e9d9-4c43-bb42-dae83d9566f6, title=江苏经典流行音乐广播
[19:31:10.133] Waiting for playback to be ready...
[19:31:10.133] Opening connection to: https://lhttp.qtfm.cn/live/4938/64k.mp3
[19:31:11.468] Connected, content-type: audio/mpeg
[19:31:11.977] AudioSystem.getAudioInputStream failed: Stream of unsupported format
[19:31:11.977] ERROR: 不支持的音频格式: audio/mpeg
[19:31:11.978] Playback failed: 不支持的音频格式: audio/mpeg
[19:31:11.978] === skipToNext end ===
[19:31:20.199] === setPlaylist called ===
[19:31:20.200] items.size=90, startIndex=3
[19:31:20.200]   playlist[0]: id=94de57d1-542a-46b8-8e18-d97517d93f99, title=清晨音乐台, uri=http://lhttp.qingting.fm/live/4915/64k.mp3
[19:31:20.200]   playlist[1]: id=e4599290-f353-478d-b920-7e057d049dd5, title=AsiaFM高清音乐台, uri=http://asiafm.hk:8000/asiahd
[19:31:20.200]   playlist[2]: id=72fa86ec-a990-43d6-98f8-ecc6236ea61e, title=雨声轻音乐, uri=https://stream.zeno.fm/689zc32y4x8uv
[19:31:20.201]   playlist[3]: id=ba8cf3a2-70c7-4567-9d9f-e6d028aecb2a, title=两广之声音乐台, uri=https://lhttp.qtfm.cn/live/20500149/64k.mp3
[19:31:20.201]   playlist[4]: id=7f0d6d5c-7707-4812-bbc1-a44eb9ccc74a, title=怀旧音乐广播, uri=https://live.ximalaya.com/radio-first-page-app/live/2629/64.m3u8
[19:31:20.201]   playlist[5]: id=9d277131-2267-46d4-ac53-eb46ed3d78e4, title=CCTV-15音乐伴音, uri=https://piccpndali.v.myalicdn.com/audio/cctv15_2.m3u8
[19:31:20.201]   playlist[6]: id=2a196f5e-1a14-4f97-b1e3-c4b67d092cfe, title=广东音乐之声, uri=https://lhttp.qtfm.cn/live/1260/64k.mp3
[19:31:20.201]   playlist[7]: id=9b6699c4-576a-4ad7-a666-324cdefec14b, title=Raggakings雷鬼音乐频道, uri=https://raggakings.radio:8443/stream.ogg
[19:31:20.201]   playlist[8]: id=3366bd2b-9e59-4bf0-ad99-96b5bfcd7111, title=广州金曲音乐广播, uri=http://lhttp.qingting.fm/live/20192/64k.mp3
[19:31:20.202]   playlist[9]: id=1328e18b-ab1a-4471-a7c4-99bf68d34dbc, title=AsiaFM亚洲音乐台(新), uri=https://live.xmcdn.com/live/764/64.m3u8
[19:31:20.202]   playlist[10]: id=9fed76be-4d4f-4956-a766-7eae9647f025, title=AsiaFM亚洲音乐台, uri=https://lhttp.qingting.fm/live/4581/64k.mp3
[19:31:20.202]   playlist[11]: id=3d4d7515-eed3-4f9b-a0cc-3a5e5b165b12, title=Cinemix电影音乐频道, uri=http://94.23.51.96:8001/
[19:31:20.202]   playlist[12]: id=6ee61dc9-f7ed-41a1-b483-b664c610c01c, title=江苏经典流行音乐广播, uri=http://lzlive.vojs.cn/2wtSfrS/92/live.m3u8?
[19:31:20.203]   playlist[13]: id=8d5e80ef-7689-4710-80bb-bb90f92628d7, title=Anison动漫音乐台, uri=http://pool.anison.fm:9000/AniSonFM(320)?
[19:31:20.203]   playlist[14]: id=9218e92d-2a7f-411c-87fd-e74cd52cc16d, title=格莱美音乐台, uri=http://play-radio-stream3.hndt.com/now/yorSd1X2/chunklist.m3u8
[19:31:20.203]   playlist[15]: id=1bc7f31f-da6b-424e-82a4-4d14c1d48699, title=CityFM城市音乐台, uri=https://lhttp.qtfm.cn/live/20500153/64k.mp3
[19:31:20.203]   playlist[16]: id=e5545833-d1f0-4030-bb16-8b5baaed4714, title=周杰伦音乐台, uri=https://stream.zeno.fm/zibntg5gtr7vv
[19:31:20.203]   playlist[17]: id=a09db942-832d-4932-8c05-494e17dc37e0, title=CNR-3 音乐之声, uri=https://ngcdn001.cnr.cn/live/yyzs/index.m3u8
[19:31:20.204]   playlist[18]: id=f61e44ed-ea5a-4f2a-878c-ce2f9495b2fe, title=顺德音乐之声, uri=https://lhttp.qtfm.cn/live/20500150/64k.mp3
[19:31:20.204]   playlist[19]: id=84907b87-750b-11e9-af37-52543be04c81, title=上海经典音乐广播, uri=http://lhttp.qingting.fm/live/267/64k.mp3
[19:31:20.204]   playlist[20]: id=01c9306d-750d-11e9-af37-52543be04c81, title=上海音乐广播, uri=http://lhttp.qingting.fm/live/273/64k.mp3
[19:31:20.204]   playlist[21]: id=6c5edef4-6a79-4ec7-84f7-b8430bcd0e4f, title=经典105·山东经典音乐广播, uri=http://audiolive302.iqilu.com/sdradioShenghuo/sdradio04/playlist.m3u8
[19:31:20.204]   playlist[22]: id=1b3f96d9-d1f8-11e9-a861-52543be04c81, title=MY FM全国音乐频道·广州, uri=http://lhttp.qingting.fm/live/20194/64k.mp3
[19:31:20.204]   playlist[23]: id=751de35b-f169-45fa-9fd5-ef4284fbe91e, title=Big B Radio亚洲音乐台, uri=https://antares.dribbcast.com/proxy/apop?mp=/s
[19:31:20.204]   playlist[24]: id=a9354e1c-92fc-4a7a-9650-fa2d5c208196, title=动听音乐台, uri=https://lhttp-hw.qtfm.cn/live/5022107/64k.mp3
[19:31:20.205]   playlist[25]: id=60517bd6-d291-11e9-a861-52543be04c81, title=河南星河音乐广播, uri=http://lhttp.qingting.fm/live/20210755/64k.mp3
[19:31:20.205]   playlist[26]: id=8cfcc64e-38ac-11ea-8dd7-52543be04c81, title=长沙BIG RADIO流行音乐广播, uri=http://lhttp.qingting.fm/live/20847/64k.mp3
[19:31:20.205]   playlist[27]: id=d3eda505-e9d9-4c43-bb42-dae83d9566f6, title=江苏经典流行音乐广播, uri=https://lhttp.qtfm.cn/live/4938/64k.mp3
[19:31:20.205]   playlist[28]: id=f82a41ce-251d-459a-bee9-4e2efd5c3982, title=北京音乐广播, uri=https://lhttp.qtfm.cn/live/332/64k.mp3
[19:31:20.205]   playlist[29]: id=04dde234-7c54-11ea-8a3b-52543be04c81, title=MY FM全国音乐频道——FM106.3  长春少儿与老年生活广播, uri=http://lhttp.qingting.fm/live/4984/64k.mp3
[19:31:20.205]   playlist[30]: id=a7fab695-c64c-4513-834e-546eea499283, title=北京古典音乐广播, uri=https://stream.zeno.fm/qa9punk6ynhvv
[19:31:20.205]   playlist[31]: id=fe79a11f-8f0e-4586-a90b-503a447d6e68, title=上海音乐广播, uri=http://lhttp.qingting.fm/live/273/64k.mp3
[19:31:20.205]   playlist[32]: id=63b86021-7d2a-42cd-aff8-96860a0bc8d5, title=云梦音乐台, uri=https://lhttp.qtfm.cn/live/20500187/64k.mp3
[19:31:20.206]   playlist[33]: id=a9922aba-8435-4ba3-a207-8704817f6dbc, title=深圳音乐广播, uri=https://lhttp.qtfm.cn/live/1271/64k.mp3
[19:31:20.206]   playlist[34]: id=ec033ee7-327e-4fb0-87a4-b07391ef4d36, title=河北音乐广播, uri=https://radio.pull.hebtv.com/live/hebyy.m3u8
[19:31:20.206]   playlist[35]: id=d3658fc1-9083-497c-acf0-669e43b8a9f0, title=重庆音乐广播, uri=http://ls.qingting.fm/live/647.m3u8
[19:31:20.206]   playlist[36]: id=2f380320-0fdf-4225-8498-810c65879867, title=江苏音乐广播, uri=http://lzlive.vojs.cn/jAmO6Ng/92/live.m3u8?
[19:31:20.206]   playlist[37]: id=d01fcb00-226d-44ef-8188-7663fccb1d00, title=105.1成都简单音乐广播, uri=https://stream.zeno.fm/7brqs9rsbc9uv
[19:31:20.206]   playlist[38]: id=b46eaebe-2919-11ea-aa0c-52543be04c81, title=武汉经典音乐广播·岁月悠长，听见好时光, uri=http://ls.qingting.fm/live/1297.m3u8
[19:31:20.206]   playlist[39]: id=1a80f163-086f-495e-8d1b-267fc4349cab, title=心灵音乐馆, uri=http://stream3.hndt.com/now/AFqvb0VX/playlist.m3u8
[19:31:20.206]   playlist[40]: id=0c2da55a-4ea0-45a6-b3a9-b8281dca1b2f, title=上海经典音乐广播 FM94.7, uri=https://lhttp-hw.qtfm.cn/live/267/64k.mp3
[19:31:20.207]   playlist[41]: id=af4a754c-f724-4ddc-9b52-fea78ae3c510, title=休息音乐🎶, uri=https://az1.mediacp.eu/listen/airport-lounge-radio/radio.mp3
[19:31:20.207]   playlist[42]: id=274fd83d-69ca-4826-bd2a-2f98d63470c5, title=CNR-4 经典音乐广播, uri=http://satellitepull.cnr.cn/live/wxdszs/playlist.m3u8?wsSession=d8a4b41c6557ba30
[19:31:20.207]   playlist[43]: id=714279f8-7e0e-4ebd-9152-215d3a6164f9, title=50首经典古典音乐, uri=https://lhttp-hw.qtfm.cn/live/5022308/64k.mp3
[19:31:20.207]   playlist[44]: id=eadabc82-ee72-405d-825c-f77c2e1bb70c, title=西安音乐广播, uri=http://stream3.xiancity.cn/4/sd/live.m3u8
[19:31:20.207]   playlist[45]: id=312a5df5-3e7d-4072-974d-fc2905ed0744, title=湖北楚天音乐广播, uri=https://lhttp.qtfm.cn/live/1289/64k.mp3
[19:31:20.207]   playlist[46]: id=2dd8574f-d5bf-4015-94a6-5ac32c61bff3, title=四川音乐广播, uri=https://lhttp.qtfm.cn/live/1110/64k.mp3
[19:31:20.207]   playlist[47]: id=3e52700f-c0ed-4c30-b53b-ae1912a2164b, title=苏州都市音乐广播, uri=http://lhttp.qingting.fm/live/2803/64k.mp3
[19:31:20.207]   playlist[48]: id=57b34085-ed43-45f9-883c-3c18554ddeef, title=浙江音乐调频, uri=http://ali-m-l.cztv.com/channels/lantian/fm968/128k.m3u8
[19:31:20.208]   playlist[49]: id=b9122011-21f1-4a11-937c-642dbab29635, title=山东音乐广播, uri=http://audiolive302.iqilu.com/sdradioYinyue/sdradio07/playlist.m3u8
[19:31:20.208]   playlist[50]: id=5b9133a9-2fc6-4b96-ab0f-a6338a7938ad, title=上海流行音乐广播 动感101 FM101.7, uri=https://lhttp-hw.qtfm.cn/live/274/64k.mp3
[19:31:20.208]   playlist[51]: id=1f5cd4f8-ae17-4fdd-9b7a-af5ddeea0517, title=古风现代音乐, uri=https://stream.zeno.fm/tpyqvdsyexhvv
[19:31:20.208]   playlist[52]: id=de5a20d9-1fad-478a-8016-7301cb0216fa, title=山东经典音乐广播, uri=http://audiolive302.iqilu.com/sdradioShenghuo/sdradio04/playlist.m3u8
[19:31:20.208]   playlist[53]: id=9bb3c006-3495-4f59-b3bd-eed3a549b1cf, title=哈尔滨古典音乐广播, uri=http://lhttp.qingting.fm/live/5022338/64k.mp3
[19:31:20.208]   playlist[54]: id=be0fc56b-aff0-4724-8b1f-32e6f7161444, title=Russian Chinese Music Radio 俄中音乐台, uri=https://stream.zeno.fm/txtltqtgns3vv
[19:31:20.208]   playlist[55]: id=ed7933a8-7e80-4e95-a0b8-401db45c4ff7, title=河南音乐广播, uri=https://stream.hndt.com/live/yinyue/playlist.m3u8
[19:31:20.208]   playlist[56]: id=091e3c58-122c-11e9-a80b-52543be04c81, title=辽宁经典流行音乐广播, uri=http://lhttp.qingting.fm/live/20021/64k.mp3
[19:31:20.209]   playlist[57]: id=ecbe92bf-a35b-439f-8bcf-55da0ece14ee, title=BRTV北京音乐广播, uri=https://brtv-radiolive.rbc.cn/alive/fm974.m3u8
[19:31:20.209]   playlist[58]: id=2fddd327-091f-451b-86b6-ad75a7544037, title=辽宁广播电视台音乐广播, uri=http://lhttp.qingting.fm/live/1101/64k.mp3
[19:31:20.209]   playlist[59]: id=b77045b4-f44d-4a49-aed7-3aeb0cc02cbc, title=湖北经典音乐广播, uri=https://lhttp.qtfm.cn/live/1296/64k.mp3
[19:31:20.209]   playlist[60]: id=607c81fe-1537-4afa-bd1c-24f801db8d4c, title=涿州综合广播年代音乐959, uri=https://lhttp.qtfm.cn/live/5021381/64k.mp3
[19:31:20.209]   playlist[61]: id=d8789b63-0f93-486a-8d4e-7d7e0a571099, title=哈尔滨古典音乐广播, uri=https://stream.hrbtv.net/gdpl/playlist.m3u8
[19:31:20.209]   playlist[62]: id=08fe49be-7512-11e9-af37-52543be04c81, title=沈阳经典音乐广播, uri=http://lhttp.qingting.fm/live/5022520/64k.mp3
[19:31:20.209]   playlist[63]: id=e9a41c0f-2be3-4c63-9ea6-327d782dddd3, title=杭州音乐时尚广播, uri=https://live.xmcdn.com/live/1845/64.m3u8
[19:31:20.209]   playlist[64]: id=e62533b7-b404-433e-a388-26c5fc519002, title=安徽音乐广播, uri=https://lhttp.qtfm.cn/live/1947/64k.mp3
[19:31:20.209]   playlist[65]: id=fbe87d69-468a-4927-b721-d56d4a3ce539, title=山西音乐广播, uri=http://radiolive.sxrtv.com/live/yinyue.m3u8
[19:31:20.210]   playlist[66]: id=dcb8a7da-dd8b-493b-a30a-b98278040570, title=河北汽车音乐台, uri=https://radio.pull.hebtv.com/live/hebqcyy.m3u8
[19:31:20.210]   playlist[67]: id=4260076d-e6d9-4e49-a3b2-d554f4cb0a7e, title=济南音乐广播, uri=https://lhttp.qtfm.cn/live/1671/64k.mp3
[19:31:20.210]   playlist[68]: id=764588ab-2f5b-4733-b32d-c16592010a43, title=CNR-3 音乐之声, uri=http://lx.sycdn.kuwo.cn/ea989c21a2f7078a16757fda0233bba1/696881c4/resource/n3/88
[19:31:20.210]   playlist[69]: id=1a178822-5085-41d2-a4f2-335df176a541, title=珠海活力915·音乐调频, uri=http://lhttp.qingting.fm/live/5021725/64k.mp3
[19:31:20.210]   playlist[70]: id=2f3329d7-f279-47e0-9508-3e9b6b82434e, title=河南网络广播·民谣音乐台, uri=http://lhttp.qingting.fm/live/20207763/64k.mp3
[19:31:20.210]   playlist[71]: id=598d4b07-238a-437a-9d4e-bb26215f4385, title=厦门音乐广播, uri=https://lhttp.qtfm.cn/live/1739/64k.mp3
[19:31:20.210]   playlist[72]: id=21bbd28e-1ee0-4cd0-b246-393e66e632b1, title=南京音乐广播, uri=http://live.xmcdn.com/live/71/64.m3u8
[19:31:20.210]   playlist[73]: id=ed2cc553-e526-4388-a113-d3b5d062e58f, title=长沙音乐广播, uri=https://lhttp.qtfm.cn/live/20847/64k.mp3
[19:31:20.211]   playlist[74]: id=df5fe256-5b8f-44fa-8094-3ce8c9bce076, title=湖南音乐之声, uri=http://a.live.hnradio.com/yypd/radio120k_yypd.m3u8?auth_key=1588751172-0-0-d97b8
[19:31:20.211]   playlist[75]: id=e3000cbd-7464-11e9-af37-52543be04c81, title=FM89.8烟台汽车音乐广播, uri=http://lhttp.qingting.fm/live/5022382/64k.mp3
[19:31:20.211]   playlist[76]: id=e0289f0b-333a-4289-b92d-8ab4c2bc8510, title=崇州年代音乐1022, uri=http://lhttp.qingting.fm/live/20500066/64k.mp3?
[19:31:20.211]   playlist[77]: id=8a3cafec-88d1-4990-932a-4b410b83dc1c, title=烟台经典音乐广播, uri=http://lhttp.qingting.fm/live/20500097/64k.mp3
[19:31:20.211]   playlist[78]: id=abed049c-9c63-4b11-bdf1-07495564f2a6, title=大连音乐广播, uri=http://lhttp.qingting.fm/live/1084/64k.mp3
[19:31:20.211]   playlist[79]: id=6c36b453-62af-4888-a512-b36c93e98e8f, title=中式婚礼后音乐, uri=https://stream.zeno.fm/pd3m209fnxhvv
[19:31:20.212]   playlist[80]: id=acbeaef9-17d7-498f-ace0-dfbb78caa430, title=CNR-3 音乐之声, uri=https://satellitepull.cnr.cn/live/wxyyzs/playlist.m3u8?wsSession=28e11e3debee464
[19:31:20.212]   playlist[81]: id=95ad11ab-923d-48ea-bc07-f26f15632d11, title=石家庄音乐广播, uri=http://lhttp.qingting.fm/live/1654/64k.mp3
[19:31:20.212]   playlist[82]: id=b09047c9-8d8c-4a68-aee0-c04aa22944c1, title=Fm891线上音乐台, uri=https://lhttp.qtfm.cn/live/20500215/64k.mp3
[19:31:20.212]   playlist[83]: id=ff4cde12-7513-11e9-af37-52543be04c81, title=无锡音乐广播, uri=http://lhttp.qingting.fm/live/2779/64k.mp3
[19:31:20.212]   playlist[84]: id=8ad93a05-a594-4a66-836b-c7644be3659f, title=宁波音乐广播, uri=http://ihzlh.linker.cc/ihzlh/zjnb_ts02_986.m3u8
[19:31:20.213]   playlist[85]: id=47881417-36f8-4fe0-ab6a-c6e5cf2d1a58, title=太原音乐广播, uri=https://lhttp.qingting.fm/live/1185/64k.mp3
[19:31:20.213]   playlist[86]: id=7151bcae-7867-4f18-a6f8-27e1410af843, title=福建音乐广播, uri=https://lhttp.qtfm.cn/live/4585/64k.mp3
[19:31:20.213]   playlist[87]: id=aeb1fa8e-14a5-11e9-a80b-52543be04c81, title=长沙品味音乐广播, uri=http://lhttp.qingting.fm/live/4930/64k.mp3
[19:31:20.213]   playlist[88]: id=f7fab6a3-9af0-4070-ab00-40049db517d7, title=韩国音乐台, uri=https://stream.zeno.fm/r0tbse9jnbptv
[19:31:20.213]   playlist[89]: id=99ace9a5-fb19-4f3d-99b6-0976d4a18bd9, title=清远交通音乐广播, uri=http://lhttp.qingting.fm/live/20500067/64k.mp3
[19:31:20.213] currentPlaylist.size=90, currentIndex=3
[19:31:20.213] startIndex in range, calling loadAndPlay
[19:31:20.213] loadAndPlay: id=ba8cf3a2-70c7-4567-9d9f-e6d028aecb2a, title=两广之声音乐台
[19:31:20.213] Waiting for playback to be ready...
[19:31:20.213] Opening connection to: https://lhttp.qtfm.cn/live/20500149/64k.mp3
[19:31:21.402] Connected, content-type: audio/mpeg
[19:31:21.528] AudioSystem.getAudioInputStream failed: Stream of unsupported format
[19:31:21.530] ERROR: 不支持的音频格式: audio/mpeg
[19:31:21.531] Playback failed: 不支持的音频格式: audio/mpeg
[19:31:21.531] === setPlaylist end ===
[19:31:21.531] play() called
[19:31:39.548] pause() called
[19:31:40.366] play() called
[19:31:50.331] pause() called
[19:31:50.885] play() called
[19:31:59.632] pause() called
[19:32:00.365] play() called
[19:32:09.882] pause() called
[19:35:42.423] === setPlaylist called: items.size=90, startIndex=3
[19:35:42.425] loadAndPlay: 两广之声音乐台
[19:35:42.426] Connecting to: https://lhttp.qtfm.cn/live/20500149/64k.mp3
[19:35:43.405] Connected: content-type=audio/mpeg
[19:35:43.435] AudioSystem.getAudioInputStream failed: Stream of unsupported format
[19:35:43.435] Trying raw stream playback
[19:35:46.530] Playback started successfully
[19:35:46.530] ERROR: illegal request to write non-integral number of frames (1399 bytes, frameSize = 4 bytes)
[19:35:46.530] play()
[19:41:46.901] === setPlaylist: items.size=90, startIndex=3
[19:41:46.903] loadAndPlay: 两广之声音乐台, uri=https://lhttp.qtfm.cn/live/20500149/64k.mp3
[19:41:46.904] Connecting to: https://lhttp.qtfm.cn/live/20500149/64k.mp3
[19:41:47.415] Connected: content-type=audio/mpeg
[19:41:47.710] Audio format: MPEG1L3, 44100.0Hz, -1bit, 2ch, frameRate=38.28125
[19:41:47.893] ERROR: SourceDataLine not supported for format: MPEG1L3 44100.0 Hz, unknown bits per sample, stereo, unknown frame size, 38.28125 frames/second
[19:41:47.893] Playback failed: SourceDataLine not supported for format: MPEG1L3 44100.0 Hz, unknown bits per sample, stereo, unknown frame size, 38.28125 frames/second
[19:41:47.893] play()
[19:41:51.733] skipToNext: currentIndex=3, playlist.size=90
[19:41:51.733] loadAndPlay: 怀旧音乐广播, uri=https://live.ximalaya.com/radio-first-page-app/live/2629/64.m3u8
[19:41:51.734] Connecting to: https://live.ximalaya.com/radio-first-page-app/live/2629/64.m3u8
[19:41:52.146] Connected: content-type=application/vnd.apple.mpegurl
[19:41:52.162] ERROR: Stream of unsupported format
[19:41:52.163] Playback failed: Stream of unsupported format
[19:41:54.264] play()
[19:41:56.313] skipToNext: currentIndex=4, playlist.size=90
[19:41:56.314] loadAndPlay: CCTV-15音乐伴音, uri=https://piccpndali.v.myalicdn.com/audio/cctv15_2.m3u8
[19:41:56.315] Connecting to: https://piccpndali.v.myalicdn.com/audio/cctv15_2.m3u8
[19:41:56.821] Connected: content-type=application/x-mpegURL
[19:41:56.823] ERROR: Stream of unsupported format
[19:41:56.823] Playback failed: Stream of unsupported format
[19:45:48.594] === DesktopRadioPlayerController init ===
[19:45:49.286] NativeDiscovery: found=true
[19:45:49.286] VLC path: /Applications/VLC.app/Contents/MacOS/lib
[19:46:01.476] === setPlaylist: items.size=90, startIndex=3
[19:46:01.477] loadAndPlay: 两广之声音乐台, uri=https://lhttp.qtfm.cn/live/20500149/64k.mp3
[19:46:01.477] Creating MediaPlayerFactory...
[19:46:01.496] Creating MediaPlayer...
[19:46:01.627] Starting playback: https://lhttp.qtfm.cn/live/20500149/64k.mp3
[19:46:01.644] VLCJ play() called, waiting for ready...
[19:46:03.849] VLCJ: playing
[19:46:11.495] skipToNext: currentIndex=3, playlist.size=90
[19:46:11.495] loadAndPlay: 怀旧音乐广播, uri=https://live.ximalaya.com/radio-first-page-app/live/2629/64.m3u8
[19:46:11.587] Creating MediaPlayerFactory...
[19:46:11.595] Creating MediaPlayer...
[19:46:11.597] Starting playback: https://live.ximalaya.com/radio-first-page-app/live/2629/64.m3u8
[19:46:11.598] VLCJ play() called, waiting for ready...
[19:46:12.599] VLCJ: playing
[19:46:13.689] VLCJ: mediaPlayerReady
[19:46:13.689] Playback started successfully
[19:46:14.408] skipToNext: currentIndex=4, playlist.size=90
[19:46:14.408] loadAndPlay: CCTV-15音乐伴音, uri=https://piccpndali.v.myalicdn.com/audio/cctv15_2.m3u8
[19:46:14.499] Creating MediaPlayerFactory...
[19:46:14.505] Creating MediaPlayer...
[19:46:14.507] Starting playback: https://piccpndali.v.myalicdn.com/audio/cctv15_2.m3u8
[19:46:14.508] VLCJ play() called, waiting for ready...
[19:46:15.197] VLCJ: playing
[19:46:16.107] VLCJ: mediaPlayerReady
[19:46:16.108] Playback started successfully
[19:46:18.894] skipToNext: currentIndex=5, playlist.size=90
[19:46:18.894] loadAndPlay: 广东音乐之声, uri=https://lhttp.qtfm.cn/live/1260/64k.mp3
[19:46:19.156] Creating MediaPlayerFactory...
[19:46:19.163] Creating MediaPlayer...
[19:46:19.165] Starting playback: https://lhttp.qtfm.cn/live/1260/64k.mp3
[19:46:19.165] VLCJ play() called, waiting for ready...
[19:46:21.435] VLCJ: playing
[19:46:31.647] Timeout waiting for playback: Timed out waiting for 30000 ms
[19:46:31.648] play()
[19:46:49.168] Timeout waiting for playback: Timed out waiting for 30000 ms
[19:51:25.711] === DesktopRadioPlayerController init ===
[19:51:27.661] NativeDiscovery: found=true
[19:51:27.661] VLC path: /Applications/VLC.app/Contents/MacOS/lib
[19:54:56.265] === DesktopRadioPlayerController init ===
[19:54:59.430] NativeDiscovery: found=true
[19:54:59.430] VLC path: /Applications/VLC.app/Contents/MacOS/lib
[19:59:46.799] === DesktopRadioPlayerController init ===
[19:59:47.352] NativeDiscovery: found=true
[19:59:47.353] VLC path: /Applications/VLC.app/Contents/MacOS/lib
